# JRE version: Java(TM) SE Runtime Environment (7.0_40-b43) (build 1.7.0_40-b43)
# Java VM: Java HotSpot(TM) 64-Bit Server VM (24.0-b56 mixed mode linux-amd64 compressed oops)
Heap
 PSYoungGen      total 577536K, used 485888K [0x00000007d6e80000, 0x0000000800000000, 0x0000000800000000)
  eden space 485888K, 100% used [0x00000007d6e80000,0x00000007f4900000,0x00000007f4900000)
  from space 91648K, 0% used [0x00000007f9f80000,0x00000007f9f80000,0x00000007ff900000)
  to   space 88576K, 0% used [0x00000007f4900000,0x00000007f4900000,0x00000007f9f80000)
 ParOldGen       total 1346048K, used 1345838K [0x0000000784c00000, 0x00000007d6e80000, 0x00000007d6e80000)
  object space 1346048K, 99% used [0x0000000784c00000,0x00000007d6e4ba20,0x00000007d6e80000)
 PSPermGen       total 21504K, used 21408K [0x000000077fa00000, 0x0000000780f00000, 0x0000000784c00000)
  object space 21504K, 99% used [0x000000077fa00000,0x0000000780ee8018,0x0000000780f00000)
GC Heap History (10 events):
Event: 8105.590 GC heap before
{Heap before GC invocations=2324 (full 2234):
 PSYoungGen      total 577536K, used 485888K [0x00000007d6e80000, 0x0000000800000000, 0x0000000800000000)
  eden space 485888K, 100% used [0x00000007d6e80000,0x00000007f4900000,0x00000007f4900000)
  from space 91648K, 0% used [0x00000007f9f80000,0x00000007f9f80000,0x00000007ff900000)
  to   space 88576K, 0% used [0x00000007f4900000,0x00000007f4900000,0x00000007f9f80000)
 ParOldGen       total 1346048K, used 1345838K [0x0000000784c00000, 0x00000007d6e80000, 0x00000007d6e80000)
  object space 1346048K, 99% used [0x0000000784c00000,0x00000007d6e4ba20,0x00000007d6e80000)
 PSPermGen       total 21504K, used 21405K [0x000000077fa00000, 0x0000000780f00000, 0x0000000784c00000)
  object space 21504K, 99% used [0x000000077fa00000,0x0000000780ee76b8,0x0000000780f00000)
Event: 8108.713 GC heap after
Heap after GC invocations=2324 (full 2234):
 PSYoungGen      total 577536K, used 455996K [0x00000007d6e80000, 0x0000000800000000, 0x0000000800000000)
  eden space 485888K, 93% used [0x00000007d6e80000,0x00000007f2bcf0e8,0x00000007f4900000)
  from space 91648K, 0% used [0x00000007f9f80000,0x00000007f9f80000,0x00000007ff900000)
  to   space 88576K, 0% used [0x00000007f4900000,0x00000007f4900000,0x00000007f9f80000)
 ParOldGen       total 1346048K, used 1345838K [0x0000000784c00000, 0x00000007d6e80000, 0x00000007d6e80000)
  object space 1346048K, 99% used [0x0000000784c00000,0x00000007d6e4ba20,0x00000007d6e80000)
 PSPermGen       total 21504K, used 21405K [0x000000077fa00000, 0x0000000780f00000, 0x0000000784c00000)
  object space 21504K, 99% used [0x000000077fa00000,0x0000000780ee76b8,0x0000000780f00000)
}
Event: 8474.757 GC heap before
{Heap before GC invocations=2325 (full 2235):
 PSYoungGen      total 577536K, used 485888K [0x00000007d6e80000, 0x0000000800000000, 0x0000000800000000)
  eden space 485888K, 100% used [0x00000007d6e80000,0x00000007f4900000,0x00000007f4900000)
  from space 91648K, 0% used [0x00000007f9f80000,0x00000007f9f80000,0x00000007ff900000)
  to   space 88576K, 0% used [0x00000007f4900000,0x00000007f4900000,0x00000007f9f80000)
 ParOldGen       total 1346048K, used 1345838K [0x0000000784c00000, 0x00000007d6e80000, 0x00000007d6e80000)
  object space 1346048K, 99% used [0x0000000784c00000,0x00000007d6e4ba20,0x00000007d6e80000)
 PSPermGen       total 21504K, used 21405K [0x000000077fa00000, 0x0000000780f00000, 0x0000000784c00000)
  object space 21504K, 99% used [0x000000077fa00000,0x0000000780ee7798,0x0000000780f00000)
Event: 8477.868 GC heap after
Heap after GC invocations=2325 (full 2235):
 PSYoungGen      total 577536K, used 455996K [0x00000007d6e80000, 0x0000000800000000, 0x0000000800000000)
  eden space 485888K, 93% used [0x00000007d6e80000,0x00000007f2bcf008,0x00000007f4900000)
  from space 91648K, 0% used [0x00000007f9f80000,0x00000007f9f80000,0x00000007ff900000)
  to   space 88576K, 0% used [0x00000007f4900000,0x00000007f4900000,0x00000007f9f80000)
 ParOldGen       total 1346048K, used 1345838K [0x0000000784c00000, 0x00000007d6e80000, 0x00000007d6e80000)
  object space 1346048K, 99% used [0x0000000784c00000,0x00000007d6e4ba20,0x00000007d6e80000)
 PSPermGen       total 21504K, used 21405K [0x000000077fa00000, 0x0000000780f00000, 0x0000000784c00000)
  object space 21504K, 99% used [0x000000077fa00000,0x0000000780ee7758,0x0000000780f00000)
}
Event: 8914.954 GC heap before
{Heap before GC invocations=2326 (full 2236):
 PSYoungGen      total 577536K, used 485888K [0x00000007d6e80000, 0x0000000800000000, 0x0000000800000000)
  eden space 485888K, 100% used [0x00000007d6e80000,0x00000007f4900000,0x00000007f4900000)
  from space 91648K, 0% used [0x00000007f9f80000,0x00000007f9f80000,0x00000007ff900000)
  to   space 88576K, 0% used [0x00000007f4900000,0x00000007f4900000,0x00000007f9f80000)
 ParOldGen       total 1346048K, used 1345838K [0x0000000784c00000, 0x00000007d6e80000, 0x00000007d6e80000)
  object space 1346048K, 99% used [0x0000000784c00000,0x00000007d6e4ba20,0x00000007d6e80000)
 PSPermGen       total 21504K, used 21405K [0x000000077fa00000, 0x0000000780f00000, 0x0000000784c00000)
  object space 21504K, 99% used [0x000000077fa00000,0x0000000780ee7778,0x0000000780f00000)
Event: 8919.510 GC heap after
Heap after GC invocations=2326 (full 2236):
 PSYoungGen      total 577536K, used 455996K [0x00000007d6e80000, 0x0000000800000000, 0x0000000800000000)
  eden space 485888K, 93% used [0x00000007d6e80000,0x00000007f2bcf0b8,0x00000007f4900000)
  from space 91648K, 0% used [0x00000007f9f80000,0x00000007f9f80000,0x00000007ff900000)
  to   space 88576K, 0% used [0x00000007f4900000,0x00000007f4900000,0x00000007f9f80000)
 ParOldGen       total 1346048K, used 1345838K [0x0000000784c00000, 0x00000007d6e80000, 0x00000007d6e80000)
  object space 1346048K, 99% used [0x0000000784c00000,0x00000007d6e4ba20,0x00000007d6e80000)
 PSPermGen       total 21504K, used 21405K [0x000000077fa00000, 0x0000000780f00000, 0x0000000784c00000)
  object space 21504K, 99% used [0x000000077fa00000,0x0000000780ee7778,0x0000000780f00000)
}
Event: 9485.517 GC heap before
{Heap before GC invocations=2327 (full 2237):
 PSYoungGen      total 577536K, used 485888K [0x00000007d6e80000, 0x0000000800000000, 0x0000000800000000)
  eden space 485888K, 100% used [0x00000007d6e80000,0x00000007f4900000,0x00000007f4900000)
  from space 91648K, 0% used [0x00000007f9f80000,0x00000007f9f80000,0x00000007ff900000)
  to   space 88576K, 0% used [0x00000007f4900000,0x00000007f4900000,0x00000007f9f80000)
 ParOldGen       total 1346048K, used 1345838K [0x0000000784c00000, 0x00000007d6e80000, 0x00000007d6e80000)
  object space 1346048K, 99% used [0x0000000784c00000,0x00000007d6e4ba20,0x00000007d6e80000)
 PSPermGen       total 21504K, used 21405K [0x000000077fa00000, 0x0000000780f00000, 0x0000000784c00000)
  object space 21504K, 99% used [0x000000077fa00000,0x0000000780ee7778,0x0000000780f00000)
Event: 9717.708 GC heap after
Heap after GC invocations=2327 (full 2237):
 PSYoungGen      total 577536K, used 455996K [0x00000007d6e80000, 0x0000000800000000, 0x0000000800000000)
  eden space 485888K, 93% used [0x00000007d6e80000,0x00000007f2bcf0b0,0x00000007f4900000)
  from space 91648K, 0% used [0x00000007f9f80000,0x00000007f9f80000,0x00000007ff900000)
  to   space 88576K, 0% used [0x00000007f4900000,0x00000007f4900000,0x00000007f9f80000)
 ParOldGen       total 1346048K, used 1345838K [0x0000000784c00000, 0x00000007d6e80000, 0x00000007d6e80000)
  object space 1346048K, 99% used [0x0000000784c00000,0x00000007d6e4ba20,0x00000007d6e80000)
 PSPermGen       total 21504K, used 21405K [0x000000077fa00000, 0x0000000780f00000, 0x0000000784c00000)
  object space 21504K, 99% used [0x000000077fa00000,0x0000000780ee7778,0x0000000780f00000)
}
Event: 10269.854 GC heap before
{Heap before GC invocations=2328 (full 2238):
 PSYoungGen      total 577536K, used 485888K [0x00000007d6e80000, 0x0000000800000000, 0x0000000800000000)
  eden space 485888K, 100% used [0x00000007d6e80000,0x00000007f4900000,0x00000007f4900000)
  from space 91648K, 0% used [0x00000007f9f80000,0x00000007f9f80000,0x00000007ff900000)
  to   space 88576K, 0% used [0x00000007f4900000,0x00000007f4900000,0x00000007f9f80000)
 ParOldGen       total 1346048K, used 1345838K [0x0000000784c00000, 0x00000007d6e80000, 0x00000007d6e80000)
  object space 1346048K, 99% used [0x0000000784c00000,0x00000007d6e4ba20,0x00000007d6e80000)
 PSPermGen       total 21504K, used 21406K [0x000000077fa00000, 0x0000000780f00000, 0x0000000784c00000)
  object space 21504K, 99% used [0x000000077fa00000,0x0000000780ee7960,0x0000000780f00000)
Event: 10285.083 GC heap after
Heap after GC invocations=2328 (full 2238):
 PSYoungGen      total 577536K, used 455996K [0x00000007d6e80000, 0x0000000800000000, 0x0000000800000000)
  eden space 485888K, 93% used [0x00000007d6e80000,0x00000007f2bcf0c0,0x00000007f4900000)
  from space 91648K, 0% used [0x00000007f9f80000,0x00000007f9f80000,0x00000007ff900000)
  to   space 88576K, 0% used [0x00000007f4900000,0x00000007f4900000,0x00000007f9f80000)
 ParOldGen       total 1346048K, used 1345838K [0x0000000784c00000, 0x00000007d6e80000, 0x00000007d6e80000)
  object space 1346048K, 99% used [0x0000000784c00000,0x00000007d6e4ba20,0x00000007d6e80000)
 PSPermGen       total 21504K, used 21406K [0x000000077fa00000, 0x0000000780f00000, 0x0000000784c00000)
  object space 21504K, 99% used [0x000000077fa00000,0x0000000780ee7960,0x0000000780f00000)
}

